<?xml version="1.0" encoding="UTF-8"?>
<!-- Generated by org.testng.reporters.JUnitReportReporter -->
<testsuite hostname="DESKTOP-2BOE3UC" failures="0" tests="1" name="Jenkins.test2" time="0.003" errors="0" timestamp="2022-05-31T08:08:30 IST" skipped="0">
  <testcase classname="Jenkins.test2" name="Python" time="0.003"/>
  <system-out>
    <![CDATA[Hello Python]]>
  </system-out>
</testsuite> <!-- Jenkins.test2 -->
