<?xml version="1.0" encoding="UTF-8"?>
<!-- Generated by org.testng.reporters.JUnitReportReporter -->
<testsuite hostname="DESKTOP-2BOE3UC" failures="0" tests="1" name="Jenkins.test3" time="0.026" errors="0" timestamp="2022-05-31T08:08:30 IST" skipped="0">
  <testcase classname="Jenkins.test3" name="Csharp" time="0.026"/>
  <system-out>
    <![CDATA[Hello C#]]>
  </system-out>
</testsuite> <!-- Jenkins.test3 -->
