<?xml version="1.0" encoding="UTF-8"?>
<!-- Generated by org.testng.reporters.JUnitReportReporter -->
<testsuite hostname="DESKTOP-2BOE3UC" failures="0" tests="1" name="Jenkins.test4" time="0.011" errors="0" timestamp="2022-05-31T09:04:33 IST" skipped="0">
  <testcase classname="Jenkins.test4" name="test5" time="0.011"/>
  <system-out>
    <![CDATA[ruby]]>
  </system-out>
</testsuite> <!-- Jenkins.test4 -->
