<?xml version="1.0" encoding="UTF-8"?>
<!-- Generated by org.testng.reporters.JUnitReportReporter -->
<testsuite hostname="DESKTOP-2BOE3UC" failures="0" tests="1" name="Jenkins.test1" time="0.002" errors="0" timestamp="2022-05-30T10:55:26 IST" skipped="0">
  <testcase classname="Jenkins.test1" name="java" time="0.002"/>
  <system-out>
    <![CDATA[Hello Java]]>
  </system-out>
</testsuite> <!-- Jenkins.test1 -->
